<?xml version="1.0" encoding="UTF-8"?>
<!-- Generated by org.testng.reporters.JUnitReportReporter -->
<testsuite hostname="Lenovo-PC" failures="0" tests="6" name="testNG_demo.TestScenario2" time="0.030" errors="0" timestamp="2023-06-22T17:48:25 PDT" skipped="1">
  <testcase classname="testNG_demo.TestScenario2" name="second_testcase" time="0.010"/>
  <testcase classname="testNG_demo.TestScenario2" name="first_testcase" time="0.002"/>
  <testcase classname="testNG_demo.TestScenario2" name="fifth_testcase" time="0.013"/>
  <testcase classname="testNG_demo.TestScenario2" name="sixth_testcase" time="0.002"/>
  <testcase classname="testNG_demo.TestScenario2" name="fourth_testcase" time="0.003"/>
  <testcase classname="testNG_demo.TestScenario2" name="third_testcase">
    <skipped/>
  </testcase> <!-- third_testcase -->
</testsuite> <!-- testNG_demo.TestScenario2 -->
