<?xml version="1.0" encoding="UTF-8"?>
<!-- Generated by org.testng.reporters.JUnitReportReporter -->
<testsuite hostname="Lenovo-PC" failures="0" tests="1" name="testNG_demo.FirstTestNGProg" time="0.039" errors="0" timestamp="2023-06-22T07:35:44 PDT" skipped="0">
  <testcase classname="testNG_demo.FirstTestNGProg" name="first_testcase" time="0.039"/>
</testsuite> <!-- testNG_demo.FirstTestNGProg -->
