<?xml version="1.0" encoding="UTF-8"?>
<!-- Generated by org.testng.reporters.JUnitReportReporter -->
<testsuite hostname="Lenovo-PC" failures="0" tests="6" name="testNG_demo.TestScenario1" time="0.039" errors="0" timestamp="2023-06-22T17:46:52 PDT" skipped="0">
  <testcase classname="testNG_demo.TestScenario1" name="fifth_testcase" time="0.011"/>
  <testcase classname="testNG_demo.TestScenario1" name="sixth_testcase" time="0.002"/>
  <testcase classname="testNG_demo.TestScenario1" name="fourth_testcase" time="0.002"/>
  <testcase classname="testNG_demo.TestScenario1" name="first_testcase" time="0.003"/>
  <testcase classname="testNG_demo.TestScenario1" name="second_testcase" time="0.015"/>
  <testcase classname="testNG_demo.TestScenario1" name="third_testcase" time="0.006"/>
</testsuite> <!-- testNG_demo.TestScenario1 -->
